{"command":"profile","discord_id":"154775062178824192","discord_name":"potor10#3237","guild_id":"811492424626208798","guild_name":"potor10's bot dev","inputs":[],"level":"info","service":"user-service","subcommand":null,"time":1640870680851}
{"command":"unlink","discord_id":"154775062178824192","discord_name":"potor10#3237","guild_id":"811492424626208798","guild_name":"potor10's bot dev","inputs":[{"name":"id","type":"NUMBER","value":123}],"level":"info","service":"user-service","subcommand":"request","time":1640870685220}
{"command":"unlink","discord_id":"154775062178824192","discord_name":"potor10#3237","guild_id":"811492424626208798","guild_name":"potor10's bot dev","inputs":[{"name":"id","type":"NUMBER","value":7775}],"level":"info","service":"user-service","subcommand":"request","time":1640870691793}
{"command":"unlink","discord_id":"154775062178824192","discord_name":"potor10#3237","guild_id":"811492424626208798","guild_name":"potor10's bot dev","inputs":[{"name":"id","type":"NUMBER","value":123}],"level":"info","service":"user-service","subcommand":"request","time":1640870715203}
{"command":"unlink","discord_id":"154775062178824192","discord_name":"potor10#3237","guild_id":"811492424626208798","guild_name":"potor10's bot dev","inputs":[{"name":"id","type":"NUMBER","value":775}],"level":"info","service":"user-service","subcommand":"request","time":1640870719295}
{"command":"unlink","discord_id":"154775062178824192","discord_name":"potor10#3237","guild_id":"811492424626208798","guild_name":"potor10's bot dev","inputs":[{"name":"id","type":"NUMBER","value":17775}],"level":"info","service":"user-service","subcommand":"request","time":1640870723048}
{"command":"unlink","discord_id":"154775062178824192","discord_name":"potor10#3237","guild_id":"811492424626208798","guild_name":"potor10's bot dev","inputs":[],"level":"info","service":"user-service","subcommand":"authenticate","time":1640870725884}
{"command":"unlink","discord_id":"154775062178824192","discord_name":"potor10#3237","guild_id":"811492424626208798","guild_name":"potor10's bot dev","inputs":[],"level":"info","service":"user-service","subcommand":"authenticate","time":1640870728287}
{"command":"unlink","discord_id":"154775062178824192","discord_name":"potor10#3237","guild_id":"811492424626208798","guild_name":"potor10's bot dev","inputs":[],"level":"info","service":"user-service","subcommand":"authenticate","time":1640870730740}
{"command":"profile","discord_id":"154775062178824192","discord_name":"potor10#3237","guild_id":"811492424626208798","guild_name":"potor10's bot dev","inputs":[],"level":"info","service":"user-service","subcommand":null,"time":1640870734485}
{"command":"profile","discord_id":"154775062178824192","discord_name":"potor10#3237","guild_id":"811492424626208798","guild_name":"potor10's bot dev","inputs":[],"level":"info","service":"user-service","subcommand":null,"time":1640870744250}
{"command":"profile","discord_id":"154775062178824192","discord_name":"potor10#3237","guild_id":"811492424626208798","guild_name":"potor10's bot dev","inputs":[],"level":"info","service":"user-service","subcommand":null,"time":1640870764837}
{"command":"profile","discord_id":"154775062178824192","discord_name":"potor10#3237","guild_id":"811492424626208798","guild_name":"potor10's bot dev","inputs":[],"level":"info","service":"user-service","subcommand":null,"time":1640870781601}
{"command":"profile","discord_id":"154775062178824192","discord_name":"potor10#3237","guild_id":"811492424626208798","guild_name":"potor10's bot dev","inputs":[],"level":"info","service":"user-service","subcommand":null,"time":1640870902759}
{"command":"link","discord_id":"154775062178824192","discord_name":"potor10#3237","guild_id":"811492424626208798","guild_name":"potor10's bot dev","inputs":[{"name":"id","type":"NUMBER","value":123}],"level":"info","service":"user-service","subcommand":"request","time":1640871789022}
{"command":"link","discord_id":"154775062178824192","discord_name":"potor10#3237","guild_id":"811492424626208798","guild_name":"potor10's bot dev","inputs":[],"level":"info","service":"user-service","subcommand":"authenticate","time":1640871791789}
{"command":"link","discord_id":"154775062178824192","discord_name":"potor10#3237","guild_id":"811492424626208798","guild_name":"potor10's bot dev","inputs":[],"level":"info","service":"user-service","subcommand":"authenticate","time":1640871794224}
{"command":"profile","discord_id":"154775062178824192","discord_name":"potor10#3237","guild_id":"811492424626208798","guild_name":"potor10's bot dev","inputs":[],"level":"info","service":"user-service","subcommand":null,"time":1640871797252}
{"command":"leaderboard","discord_id":"154775062178824192","discord_name":"potor10#3237","guild_id":"811492424626208798","guild_name":"potor10's bot dev","inputs":[],"level":"info","service":"user-service","subcommand":null,"time":1640871802329}
{"command":"leaderboard","discord_id":"154775062178824192","discord_name":"potor10#3237","guild_id":"811492424626208798","guild_name":"potor10's bot dev","inputs":[],"level":"info","service":"user-service","subcommand":null,"time":1640871812217}
{"command":"leaderboard","discord_id":"154775062178824192","discord_name":"potor10#3237","guild_id":"811492424626208798","guild_name":"potor10's bot dev","inputs":[{"name":"rank","type":"INTEGER","value":0}],"level":"info","service":"user-service","subcommand":null,"time":1640871826618}
{"command":"leaderboard","discord_id":"154775062178824192","discord_name":"potor10#3237","guild_id":"811492424626208798","guild_name":"potor10's bot dev","inputs":[{"name":"rank","type":"INTEGER","value":9999}],"level":"info","service":"user-service","subcommand":null,"time":1640871872688}
{"command":"leaderboard","discord_id":"154775062178824192","discord_name":"potor10#3237","guild_id":"811492424626208798","guild_name":"potor10's bot dev","inputs":[{"name":"rank","type":"INTEGER","value":80}],"level":"info","service":"user-service","subcommand":null,"time":1640871877896}
{"command":"leaderboard","discord_id":"154775062178824192","discord_name":"potor10#3237","guild_id":"811492424626208798","guild_name":"potor10's bot dev","inputs":[{"name":"rank","type":"INTEGER","value":0}],"level":"info","service":"user-service","subcommand":null,"time":1640872043214}
{"command":"leaderboard","discord_id":"154775062178824192","discord_name":"potor10#3237","guild_id":"811492424626208798","guild_name":"potor10's bot dev","inputs":[],"level":"info","service":"user-service","subcommand":null,"time":1640872490970}
{"command":"leaderboard","discord_id":"154775062178824192","discord_name":"potor10#3237","guild_id":"811492424626208798","guild_name":"potor10's bot dev","inputs":[{"name":"rank","type":"INTEGER","value":1}],"level":"info","service":"user-service","subcommand":null,"time":1640872493650}
{"command":"leaderboard","discord_id":"154775062178824192","discord_name":"potor10#3237","guild_id":"811492424626208798","guild_name":"potor10's bot dev","inputs":[{"name":"rank","type":"INTEGER","value":1}],"level":"info","service":"user-service","subcommand":null,"time":1640872513728}
{"command":"leaderboard","discord_id":"154775062178824192","discord_name":"potor10#3237","guild_id":"811492424626208798","guild_name":"potor10's bot dev","inputs":[{"name":"rank","type":"INTEGER","value":1}],"level":"info","service":"user-service","subcommand":null,"time":1640872548210}
{"command":"leaderboard","discord_id":"154775062178824192","discord_name":"potor10#3237","guild_id":"811492424626208798","guild_name":"potor10's bot dev","inputs":[{"name":"rank","type":"INTEGER","value":1}],"level":"info","service":"user-service","subcommand":null,"time":1640872570828}
{"command":"leaderboard","discord_id":"154775062178824192","discord_name":"potor10#3237","guild_id":"811492424626208798","guild_name":"potor10's bot dev","inputs":[{"name":"rank","type":"INTEGER","value":1}],"level":"info","service":"user-service","subcommand":null,"time":1640872662477}
{"command":"leaderboard","discord_id":"154775062178824192","discord_name":"potor10#3237","guild_id":"811492424626208798","guild_name":"potor10's bot dev","inputs":[{"name":"rank","type":"INTEGER","value":1}],"level":"info","service":"user-service","subcommand":null,"time":1640872674744}
{"command":"leaderboard","discord_id":"154775062178824192","discord_name":"potor10#3237","guild_id":"811492424626208798","guild_name":"potor10's bot dev","inputs":[],"level":"info","service":"user-service","subcommand":null,"time":1640872714185}
{"command":"leaderboard","discord_id":"154775062178824192","discord_name":"potor10#3237","guild_id":"811492424626208798","guild_name":"potor10's bot dev","inputs":[{"name":"rank","type":"INTEGER","value":1}],"level":"info","service":"user-service","subcommand":null,"time":1640872717727}
{"command":"leaderboard","discord_id":"154775062178824192","discord_name":"potor10#3237","guild_id":"811492424626208798","guild_name":"potor10's bot dev","inputs":[{"name":"rank","type":"INTEGER","value":1}],"level":"info","service":"user-service","subcommand":null,"time":1640872747315}
{"command":"leaderboard","discord_id":"154775062178824192","discord_name":"potor10#3237","guild_id":"811492424626208798","guild_name":"potor10's bot dev","inputs":[{"name":"rank","type":"INTEGER","value":1}],"level":"info","service":"user-service","subcommand":null,"time":1640872777617}
{"command":"leaderboard","discord_id":"154775062178824192","discord_name":"potor10#3237","guild_id":"811492424626208798","guild_name":"potor10's bot dev","inputs":[{"name":"rank","type":"INTEGER","value":1}],"level":"info","service":"user-service","subcommand":null,"time":1640873102862}
{"command":"leaderboard","discord_id":"154775062178824192","discord_name":"potor10#3237","guild_id":"811492424626208798","guild_name":"potor10's bot dev","inputs":[{"name":"rank","type":"INTEGER","value":1}],"level":"info","service":"user-service","subcommand":null,"time":1640873118311}
{"command":"leaderboard","discord_id":"154775062178824192","discord_name":"potor10#3237","guild_id":"811492424626208798","guild_name":"potor10's bot dev","inputs":[{"name":"rank","type":"INTEGER","value":1}],"level":"info","service":"user-service","subcommand":null,"time":1640873257578}
{"command":"leaderboard","discord_id":"154775062178824192","discord_name":"potor10#3237","guild_id":"811492424626208798","guild_name":"potor10's bot dev","inputs":[{"name":"rank","type":"INTEGER","value":1}],"level":"info","service":"user-service","subcommand":null,"time":1640873295666}
{"command":"leaderboard","discord_id":"154775062178824192","discord_name":"potor10#3237","guild_id":"811492424626208798","guild_name":"potor10's bot dev","inputs":[{"name":"rank","type":"INTEGER","value":1}],"level":"info","service":"user-service","subcommand":null,"time":1640873312763}
{"command":"leaderboard","discord_id":"154775062178824192","discord_name":"potor10#3237","guild_id":"811492424626208798","guild_name":"potor10's bot dev","inputs":[{"name":"rank","type":"INTEGER","value":1}],"level":"info","service":"user-service","subcommand":null,"time":1640873364839}
{"command":"leaderboard","discord_id":"154775062178824192","discord_name":"potor10#3237","guild_id":"811492424626208798","guild_name":"potor10's bot dev","inputs":[{"name":"rank","type":"INTEGER","value":99}],"level":"info","service":"user-service","subcommand":null,"time":1640873369132}
{"command":"leaderboard","discord_id":"154775062178824192","discord_name":"potor10#3237","guild_id":"811492424626208798","guild_name":"potor10's bot dev","inputs":[{"name":"rank","type":"INTEGER","value":99}],"level":"info","service":"user-service","subcommand":null,"time":1640873425667}
{"command":"leaderboard","discord_id":"154775062178824192","discord_name":"potor10#3237","guild_id":"811492424626208798","guild_name":"potor10's bot dev","inputs":[{"name":"rank","type":"INTEGER","value":53}],"level":"info","service":"user-service","subcommand":null,"time":1640873439757}
{"command":"leaderboard","discord_id":"154775062178824192","discord_name":"potor10#3237","guild_id":"811492424626208798","guild_name":"potor10's bot dev","inputs":[],"level":"info","service":"user-service","subcommand":null,"time":1640873595414}
{"command":"leaderboard","discord_id":"154775062178824192","discord_name":"potor10#3237","guild_id":"811492424626208798","guild_name":"potor10's bot dev","inputs":[],"level":"info","service":"user-service","subcommand":null,"time":1640873665174}
{"command":"leaderboard","discord_id":"154775062178824192","discord_name":"potor10#3237","guild_id":"811492424626208798","guild_name":"potor10's bot dev","inputs":[],"level":"info","service":"user-service","subcommand":null,"time":1640873783146}
{"command":"leaderboard","discord_id":"154775062178824192","discord_name":"potor10#3237","guild_id":"811492424626208798","guild_name":"potor10's bot dev","inputs":[],"level":"info","service":"user-service","subcommand":null,"time":1640873810826}
{"command":"leaderboard","discord_id":"154775062178824192","discord_name":"potor10#3237","guild_id":"811492424626208798","guild_name":"potor10's bot dev","inputs":[],"level":"info","service":"user-service","subcommand":null,"time":1640873849314}
{"command":"leaderboard","discord_id":"154775062178824192","discord_name":"potor10#3237","guild_id":"811492424626208798","guild_name":"potor10's bot dev","inputs":[],"level":"info","service":"user-service","subcommand":null,"time":1640873936888}
{"command":"leaderboard","discord_id":"154775062178824192","discord_name":"potor10#3237","guild_id":"811492424626208798","guild_name":"potor10's bot dev","inputs":[],"level":"info","service":"user-service","subcommand":null,"time":1640874357527}
{"command":"leaderboard","discord_id":"154775062178824192","discord_name":"potor10#3237","guild_id":"811492424626208798","guild_name":"potor10's bot dev","inputs":[],"level":"info","service":"user-service","subcommand":null,"time":1640874475842}
{"command":"link","discord_id":"154775062178824192","discord_name":"potor10#3237","guild_id":"811492424626208798","guild_name":"potor10's bot dev","inputs":[{"name":"id","type":"NUMBER","value":123}],"level":"info","service":"user-service","subcommand":"request","time":1640874527945}
{"command":"link","discord_id":"154775062178824192","discord_name":"potor10#3237","guild_id":"811492424626208798","guild_name":"potor10's bot dev","inputs":[],"level":"info","service":"user-service","subcommand":"authenticate","time":1640874530965}
{"command":"link","discord_id":"154775062178824192","discord_name":"potor10#3237","guild_id":"811492424626208798","guild_name":"potor10's bot dev","inputs":[],"level":"info","service":"user-service","subcommand":"authenticate","time":1640874536386}
{"command":"unlink","discord_id":"154775062178824192","discord_name":"potor10#3237","guild_id":"811492424626208798","guild_name":"potor10's bot dev","inputs":[{"name":"id","type":"NUMBER","value":123}],"level":"info","service":"user-service","subcommand":"request","time":1640874593288}
{"command":"unlink","discord_id":"154775062178824192","discord_name":"potor10#3237","guild_id":"811492424626208798","guild_name":"potor10's bot dev","inputs":[],"level":"info","service":"user-service","subcommand":"authenticate","time":1640874596553}
{"command":"link","discord_id":"154775062178824192","discord_name":"potor10#3237","guild_id":"811492424626208798","guild_name":"potor10's bot dev","inputs":[{"name":"id","type":"NUMBER","value":123}],"level":"info","service":"user-service","subcommand":"request","time":1640874600635}
{"command":"link","discord_id":"154775062178824192","discord_name":"potor10#3237","guild_id":"811492424626208798","guild_name":"potor10's bot dev","inputs":[],"level":"info","service":"user-service","subcommand":"authenticate","time":1640874604409}
{"command":"link","discord_id":"154775062178824192","discord_name":"potor10#3237","guild_id":"811492424626208798","guild_name":"potor10's bot dev","inputs":[],"level":"info","service":"user-service","subcommand":"authenticate","time":1640874606848}
{"command":"link","discord_id":"154775062178824192","discord_name":"potor10#3237","guild_id":"811492424626208798","guild_name":"potor10's bot dev","inputs":[],"level":"info","service":"user-service","subcommand":"authenticate","time":1640874609777}
{"command":"link","discord_id":"154775062178824192","discord_name":"potor10#3237","guild_id":"811492424626208798","guild_name":"potor10's bot dev","inputs":[],"level":"info","service":"user-service","subcommand":"authenticate","time":1640874922250}
{"command":"unlink","discord_id":"154775062178824192","discord_name":"potor10#3237","guild_id":"811492424626208798","guild_name":"potor10's bot dev","inputs":[],"level":"info","service":"user-service","subcommand":"authenticate","time":1640874931604}
{"command":"unlink","discord_id":"154775062178824192","discord_name":"potor10#3237","guild_id":"811492424626208798","guild_name":"potor10's bot dev","inputs":[{"name":"id","type":"NUMBER","value":123}],"level":"info","service":"user-service","subcommand":"request","time":1640874937125}
{"command":"unlink","discord_id":"154775062178824192","discord_name":"potor10#3237","guild_id":"811492424626208798","guild_name":"potor10's bot dev","inputs":[],"level":"info","service":"user-service","subcommand":"authenticate","time":1640874939224}
{"command":"unlink","discord_id":"154775062178824192","discord_name":"potor10#3237","guild_id":"811492424626208798","guild_name":"potor10's bot dev","inputs":[],"level":"info","service":"user-service","subcommand":"authenticate","time":1640874942439}
{"command":"link","discord_id":"154775062178824192","discord_name":"potor10#3237","guild_id":"811492424626208798","guild_name":"potor10's bot dev","inputs":[{"name":"id","type":"NUMBER","value":123}],"level":"info","service":"user-service","subcommand":"request","time":1640874947260}
{"command":"link","discord_id":"154775062178824192","discord_name":"potor10#3237","guild_id":"811492424626208798","guild_name":"potor10's bot dev","inputs":[],"level":"info","service":"user-service","subcommand":"authenticate","time":1640874949570}
{"command":"link","discord_id":"154775062178824192","discord_name":"potor10#3237","guild_id":"811492424626208798","guild_name":"potor10's bot dev","inputs":[],"level":"info","service":"user-service","subcommand":"authenticate","time":1640874951879}
{"command":"leaderboard","discord_id":"154775062178824192","discord_name":"potor10#3237","guild_id":"811492424626208798","guild_name":"potor10's bot dev","inputs":[],"level":"info","service":"user-service","subcommand":null,"time":1640874962744}
{"command":"unlink","discord_id":"154775062178824192","discord_name":"potor10#3237","guild_id":"811492424626208798","guild_name":"potor10's bot dev","inputs":[{"name":"id","type":"NUMBER","value":123}],"level":"info","service":"user-service","subcommand":"request","time":1640875142053}
{"command":"unlink","discord_id":"154775062178824192","discord_name":"potor10#3237","guild_id":"811492424626208798","guild_name":"potor10's bot dev","inputs":[],"level":"info","service":"user-service","subcommand":"authenticate","time":1640875145050}
{"level":"info","message":"123 deleted from DB","service":"user-service"}
{"command":"link","discord_id":"154775062178824192","discord_name":"potor10#3237","guild_id":"811492424626208798","guild_name":"potor10's bot dev","inputs":[{"name":"id","type":"NUMBER","value":123}],"level":"info","service":"user-service","subcommand":"request","time":1640875152311}
{"command":"link","discord_id":"154775062178824192","discord_name":"potor10#3237","guild_id":"811492424626208798","guild_name":"potor10's bot dev","inputs":[],"level":"info","service":"user-service","subcommand":"authenticate","time":1640875154727}
{"command":"link","discord_id":"154775062178824192","discord_name":"potor10#3237","guild_id":"811492424626208798","guild_name":"potor10's bot dev","inputs":[],"level":"info","service":"user-service","subcommand":"authenticate","time":1640875157498}
{"level":"info","message":"154775062178824192 123 added to DB","service":"user-service"}
